<?xml version="1.0" encoding="UTF-8"?>
<testng-results ignored="0" total="1" passed="1" failed="0" skipped="0">
  <reporter-output>
  </reporter-output>
  <suite started-at="2020-08-08T21:52:31 GST" name="Default suite" finished-at="2020-08-08T21:53:30 GST" duration-ms="58914">
    <groups>
    </groups>
    <test started-at="2020-08-08T21:52:31 GST" name="Default test" finished-at="2020-08-08T21:53:30 GST" duration-ms="58914">
      <class name="test.Hassantuk_test">
        <test-method is-config="true" signature="startReport()[pri:0, instance:test.Hassantuk_test@22a637e7]" started-at="2020-08-08T21:52:31 GST" name="startReport" finished-at="2020-08-08T21:52:32 GST" duration-ms="886" status="PASS">
          <reporter-output>
          </reporter-output>
        </test-method> <!-- startReport -->
        <test-method signature="setup()[pri:0, instance:test.Hassantuk_test@22a637e7]" started-at="2020-08-08T21:52:32 GST" name="setup" finished-at="2020-08-08T21:53:27 GST" duration-ms="54916" status="PASS">
          <reporter-output>
          </reporter-output>
        </test-method> <!-- setup -->
        <test-method is-config="true" signature="getResult(org.testng.ITestResult)[pri:0, instance:test.Hassantuk_test@22a637e7]" started-at="2020-08-08T21:53:27 GST" name="getResult" finished-at="2020-08-08T21:53:29 GST" duration-ms="1604" status="PASS">
          <params>
            <param index="0">
              <value>
                <![CDATA[[TestResult name=setup status=SUCCESS method=Hassantuk_test.setup()[pri:0, instance:test.Hassantuk_test@22a637e7] output={null}]]]>
              </value>
            </param>
          </params>
          <reporter-output>
          </reporter-output>
        </test-method> <!-- getResult -->
        <test-method is-config="true" signature="endReport()[pri:0, instance:test.Hassantuk_test@22a637e7]" started-at="2020-08-08T21:53:29 GST" name="endReport" finished-at="2020-08-08T21:53:30 GST" duration-ms="1416" status="PASS">
          <reporter-output>
          </reporter-output>
        </test-method> <!-- endReport -->
      </class> <!-- test.Hassantuk_test -->
    </test> <!-- Default test -->
  </suite> <!-- Default suite -->
</testng-results>
