<?xml version="1.0" encoding="UTF-8"?>
<!-- Generated by org.testng.reporters.JUnitXMLReporter -->
<testsuite ignored="0" hostname="DESKTOP-OJOQL60" failures="1" tests="4" name="Test" time="150.909" errors="0" timestamp="2020-09-16T13:31:04 GST">
  <testcase classname="MAF.Tests.TC001_UserRegistration" name="CustomerRegistration_OpenURL" time="102.452"/>
  <testcase classname="MAF.Tests.TC001_UserRegistration" name="CustomerRegistration_ClickLoginRegister" time="4.77">
    <failure type="java.lang.AssertionError" message="expected [Login1] but found [Login]">
      <![CDATA[java.lang.AssertionError: expected [Login1] but found [Login]
at MAF.Tests.TC001_UserRegistration.CustomerRegistration_ClickLoginRegister(TC001_UserRegistration.java:36)
at java.base/java.util.ArrayList.forEach(ArrayList.java:1511)
... Removed 33 stack frames]]>
    </failure>
  </testcase> <!-- CustomerRegistration_ClickLoginRegister -->
  <testcase classname="MAF.Tests.TC001_UserRegistration" name="CustomerRegistration_ClickRegister" time="3.299"/>
  <testcase classname="MAF.Tests.TC001_UserRegistration" name="CustomerRegistration_FillForm" time="26.784"/>
</testsuite> <!-- Test -->
